Jul 3, 2012 6:08:44 PM org.ofbiz.party.test.WebServiceTest postXmlString
INFO: XML INPUT: 
<?xml version="1.0" encoding="UTF-8"?><!-- Points Test Withour from and thrudate --><CRITERIA><CUSTOMER_ID>10093</CUSTOMER_ID></CRITERIA>
Jul 3, 2012 6:08:45 PM org.ofbiz.party.test.WebServiceTest postXmlString
INFO: ResponseXml:<?xml version="1.0" encoding="UTF-8"?><RESPONSE ResponseId="24843">
    <TRANSACTION>
        <CUSTOMER_ID>10093</CUSTOMER_ID>
        <CURRENT_POINTS_BALANCE>70.0</CURRENT_POINTS_BALANCE>
        <POINTS_ACCUMULATED>2920.0</POINTS_ACCUMULATED>
        <POINTS_REDEEMED>2850.0</POINTS_REDEEMED>
        <POINTS_EXPIRED>0.0</POINTS_EXPIRED>
        <FROM_DATE/>
        <THRU_DATE/>
    </TRANSACTION>
</RESPONSE>

Jul 3, 2012 6:08:45 PM org.ofbiz.party.test.WebServiceTest postXmlString
INFO: XML OutPut: 

Jul 3, 2012 6:08:45 PM org.ofbiz.party.test.WebServiceTest postXmlString
INFO: Response Code:null
Jul 3, 2012 6:08:45 PM org.ofbiz.party.test.WebServiceTest postXmlString
WARNING: Service Failed.
Jul 3, 2012 6:08:45 PM org.ofbiz.party.test.WebServiceTest postXmlString
INFO: XML INPUT: 
<?xml version="1.0" encoding="UTF-8"?><!-- Points Test with from date only --><CRITERIA><CUSTOMER_ID>10093</CUSTOMER_ID><FROM_DATE>2012-02-01</FROM_DATE></CRITERIA>
Jul 3, 2012 6:08:46 PM org.ofbiz.party.test.WebServiceTest postXmlString
INFO: ResponseXml:<?xml version="1.0" encoding="UTF-8"?><RESPONSE ResponseId="24844">
    <TRANSACTION>
        <CUSTOMER_ID>10093</CUSTOMER_ID>
        <CURRENT_POINTS_BALANCE>70.0</CURRENT_POINTS_BALANCE>
        <POINTS_ACCUMULATED>2920.0</POINTS_ACCUMULATED>
        <POINTS_REDEEMED>2850.0</POINTS_REDEEMED>
        <POINTS_EXPIRED>0.0</POINTS_EXPIRED>
        <FROM_DATE>2012-02-01</FROM_DATE>
        <THRU_DATE/>
    </TRANSACTION>
</RESPONSE>

Jul 3, 2012 6:08:46 PM org.ofbiz.party.test.WebServiceTest postXmlString
INFO: XML OutPut: 

Jul 3, 2012 6:08:46 PM org.ofbiz.party.test.WebServiceTest postXmlString
INFO: Response Code:null
Jul 3, 2012 6:08:46 PM org.ofbiz.party.test.WebServiceTest postXmlString
WARNING: Service Failed.
Jul 3, 2012 6:08:46 PM org.ofbiz.party.test.WebServiceTest postXmlString
INFO: XML INPUT: 
<?xml version="1.0" encoding="UTF-8"?><!-- Points Test with thru date only --><CRITERIA><CUSTOMER_ID>10093</CUSTOMER_ID><THRU_DATE>2012-06-01</THRU_DATE></CRITERIA>
Jul 3, 2012 6:08:46 PM org.ofbiz.party.test.WebServiceTest postXmlString
INFO: ResponseXml:<?xml version="1.0" encoding="UTF-8"?><RESPONSE ResponseId="24845">
    <TRANSACTION>
        <CUSTOMER_ID>10093</CUSTOMER_ID>
        <CURRENT_POINTS_BALANCE>70.0</CURRENT_POINTS_BALANCE>
        <POINTS_ACCUMULATED>2920.0</POINTS_ACCUMULATED>
        <POINTS_REDEEMED>2850.0</POINTS_REDEEMED>
        <POINTS_EXPIRED>0.0</POINTS_EXPIRED>
        <FROM_DATE/>
        <THRU_DATE>2012-06-01</THRU_DATE>
    </TRANSACTION>
</RESPONSE>

Jul 3, 2012 6:08:46 PM org.ofbiz.party.test.WebServiceTest postXmlString
INFO: XML OutPut: 

Jul 3, 2012 6:08:46 PM org.ofbiz.party.test.WebServiceTest postXmlString
INFO: Response Code:null
Jul 3, 2012 6:08:46 PM org.ofbiz.party.test.WebServiceTest postXmlString
WARNING: Service Failed.
Jul 3, 2012 6:08:46 PM org.ofbiz.party.test.WebServiceTest postXmlString
INFO: XML INPUT: 
<?xml version="1.0" encoding="UTF-8"?><!-- Points Test without Customer Id --><CRITERIA><CUSTOMER_ID></CUSTOMER_ID><THRU_DATE>2012-06-01</THRU_DATE></CRITERIA>
Jul 3, 2012 6:08:47 PM org.ofbiz.party.test.WebServiceTest postXmlString
INFO: ResponseXml:<?xml version="1.0" encoding="UTF-8"?><RESPONSE ResponseId="24846">
    <TRANSACTION>
        <RESPONSE_CODE>E110</RESPONSE_CODE>
    </TRANSACTION>
</RESPONSE>

Jul 3, 2012 6:08:47 PM org.ofbiz.party.test.WebServiceTest postXmlString
INFO: XML OutPut: 

Jul 3, 2012 6:08:47 PM org.ofbiz.party.test.WebServiceTest postXmlString
INFO: Response Code:E110 : Customer Id Cannot be Empty
Jul 3, 2012 6:08:47 PM org.ofbiz.party.test.WebServiceTest postXmlString
WARNING: Service Failed.
Jul 3, 2012 6:10:09 PM org.ofbiz.party.test.WebServiceTest postXmlString
INFO: XML INPUT: 
<?xml version="1.0" encoding="UTF-8"?><!-- Points Test Withour from and thrudate --><CRITERIA><CUSTOMER_ID>10093</CUSTOMER_ID></CRITERIA>
Jul 3, 2012 6:10:11 PM org.ofbiz.party.test.WebServiceTest postXmlString
INFO: ResponseXml:<?xml version="1.0" encoding="UTF-8"?><RESPONSE ResponseId="24847">
    <TRANSACTION>
        <CUSTOMER_ID>10093</CUSTOMER_ID>
        <CURRENT_POINTS_BALANCE>70.0</CURRENT_POINTS_BALANCE>
        <POINTS_ACCUMULATED>2920.0</POINTS_ACCUMULATED>
        <POINTS_REDEEMED>2850.0</POINTS_REDEEMED>
        <POINTS_EXPIRED>0.0</POINTS_EXPIRED>
        <FROM_DATE/>
        <THRU_DATE/>
    </TRANSACTION>
</RESPONSE>

Jul 3, 2012 6:10:11 PM org.ofbiz.party.test.WebServiceTest postXmlString
INFO: XML OutPut: 

Jul 3, 2012 6:10:11 PM org.ofbiz.party.test.WebServiceTest postXmlString
INFO: Response Code:null
Jul 3, 2012 6:10:11 PM org.ofbiz.party.test.WebServiceTest postXmlString
WARNING: Service Failed.
Jul 3, 2012 6:10:11 PM org.ofbiz.party.test.WebServiceTest postXmlString
INFO: XML INPUT: 
<?xml version="1.0" encoding="UTF-8"?><!-- Points Test with from date only --><CRITERIA><CUSTOMER_ID>10093</CUSTOMER_ID><FROM_DATE>2012-02-01</FROM_DATE></CRITERIA>
Jul 3, 2012 6:10:11 PM org.ofbiz.party.test.WebServiceTest postXmlString
INFO: ResponseXml:<?xml version="1.0" encoding="UTF-8"?><RESPONSE ResponseId="24848">
    <TRANSACTION>
        <CUSTOMER_ID>10093</CUSTOMER_ID>
        <CURRENT_POINTS_BALANCE>70.0</CURRENT_POINTS_BALANCE>
        <POINTS_ACCUMULATED>2920.0</POINTS_ACCUMULATED>
        <POINTS_REDEEMED>2850.0</POINTS_REDEEMED>
        <POINTS_EXPIRED>0.0</POINTS_EXPIRED>
        <FROM_DATE>2012-02-01</FROM_DATE>
        <THRU_DATE/>
    </TRANSACTION>
</RESPONSE>

Jul 3, 2012 6:10:11 PM org.ofbiz.party.test.WebServiceTest postXmlString
INFO: XML OutPut: 

Jul 3, 2012 6:10:11 PM org.ofbiz.party.test.WebServiceTest postXmlString
INFO: Response Code:null
Jul 3, 2012 6:10:11 PM org.ofbiz.party.test.WebServiceTest postXmlString
WARNING: Service Failed.
Jul 3, 2012 6:10:11 PM org.ofbiz.party.test.WebServiceTest postXmlString
INFO: XML INPUT: 
<?xml version="1.0" encoding="UTF-8"?><!-- Points Test with thru date only --><CRITERIA><CUSTOMER_ID>10093</CUSTOMER_ID><THRU_DATE>2012-06-01</THRU_DATE></CRITERIA>
Jul 3, 2012 6:10:12 PM org.ofbiz.party.test.WebServiceTest postXmlString
INFO: ResponseXml:<?xml version="1.0" encoding="UTF-8"?><RESPONSE ResponseId="24849">
    <TRANSACTION>
        <CUSTOMER_ID>10093</CUSTOMER_ID>
        <CURRENT_POINTS_BALANCE>70.0</CURRENT_POINTS_BALANCE>
        <POINTS_ACCUMULATED>2920.0</POINTS_ACCUMULATED>
        <POINTS_REDEEMED>2850.0</POINTS_REDEEMED>
        <POINTS_EXPIRED>0.0</POINTS_EXPIRED>
        <FROM_DATE/>
        <THRU_DATE>2012-06-01</THRU_DATE>
    </TRANSACTION>
</RESPONSE>

Jul 3, 2012 6:10:12 PM org.ofbiz.party.test.WebServiceTest postXmlString
INFO: XML OutPut: 

Jul 3, 2012 6:10:12 PM org.ofbiz.party.test.WebServiceTest postXmlString
INFO: Response Code:null
Jul 3, 2012 6:10:12 PM org.ofbiz.party.test.WebServiceTest postXmlString
WARNING: Service Failed.
Jul 3, 2012 6:10:12 PM org.ofbiz.party.test.WebServiceTest postXmlString
INFO: XML INPUT: 
<?xml version="1.0" encoding="UTF-8"?><!-- Points Test without Customer Id --><CRITERIA><CUSTOMER_ID></CUSTOMER_ID><THRU_DATE>2012-06-01</THRU_DATE></CRITERIA>
Jul 3, 2012 6:10:12 PM org.ofbiz.party.test.WebServiceTest postXmlString
INFO: ResponseXml:<?xml version="1.0" encoding="UTF-8"?><RESPONSE ResponseId="24850">
    <TRANSACTION>
        <RESPONSE_CODE>E110</RESPONSE_CODE>
    </TRANSACTION>
</RESPONSE>

Jul 3, 2012 6:10:12 PM org.ofbiz.party.test.WebServiceTest postXmlString
INFO: XML OutPut: 

Jul 3, 2012 6:10:12 PM org.ofbiz.party.test.WebServiceTest postXmlString
INFO: Response Code:E110 : Customer Id Cannot be Empty
Jul 3, 2012 6:10:12 PM org.ofbiz.party.test.WebServiceTest postXmlString
WARNING: Service Failed.
Jul 3, 2012 6:50:10 PM org.ofbiz.party.test.WebServiceTest postXmlString
INFO: XML INPUT: 
<?xml version="1.0" encoding="UTF-8"?><!-- Points Test Withour from and thrudate --><CRITERIA><CUSTOMER_ID>10093</CUSTOMER_ID></CRITERIA>
Jul 3, 2012 6:50:11 PM org.ofbiz.party.test.WebServiceTest postXmlString
INFO: ResponseXml:<?xml version="1.0" encoding="UTF-8"?><RESPONSE ResponseId="24851">
    <TRANSACTION>
        <CUSTOMER_ID>10093</CUSTOMER_ID>
        <CURRENT_POINTS_BALANCE>70.0</CURRENT_POINTS_BALANCE>
        <POINTS_ACCUMULATED>2920.0</POINTS_ACCUMULATED>
        <POINTS_REDEEMED>2850.0</POINTS_REDEEMED>
        <POINTS_EXPIRED>0.0</POINTS_EXPIRED>
        <FROM_DATE/>
        <THRU_DATE/>
    </TRANSACTION>
</RESPONSE>

Jul 3, 2012 6:50:11 PM org.ofbiz.party.test.WebServiceTest postXmlString
INFO: XML OutPut: 

Jul 3, 2012 6:50:11 PM org.ofbiz.party.test.WebServiceTest postXmlString
INFO: Response Code:null
Jul 3, 2012 6:50:11 PM org.ofbiz.party.test.WebServiceTest postXmlString
WARNING: Service Failed.
Jul 3, 2012 6:50:11 PM org.ofbiz.party.test.WebServiceTest postXmlString
INFO: XML INPUT: 
<?xml version="1.0" encoding="UTF-8"?><!-- Points Test with from date only --><CRITERIA><CUSTOMER_ID>10093</CUSTOMER_ID><FROM_DATE>2012-02-01</FROM_DATE></CRITERIA>
Jul 3, 2012 6:50:12 PM org.ofbiz.party.test.WebServiceTest postXmlString
INFO: ResponseXml:<?xml version="1.0" encoding="UTF-8"?><RESPONSE ResponseId="24852">
    <TRANSACTION>
        <CUSTOMER_ID>10093</CUSTOMER_ID>
        <CURRENT_POINTS_BALANCE>70.0</CURRENT_POINTS_BALANCE>
        <POINTS_ACCUMULATED>2920.0</POINTS_ACCUMULATED>
        <POINTS_REDEEMED>2850.0</POINTS_REDEEMED>
        <POINTS_EXPIRED>0.0</POINTS_EXPIRED>
        <FROM_DATE>2012-02-01</FROM_DATE>
        <THRU_DATE/>
    </TRANSACTION>
</RESPONSE>

Jul 3, 2012 6:50:12 PM org.ofbiz.party.test.WebServiceTest postXmlString
INFO: XML OutPut: 

Jul 3, 2012 6:50:12 PM org.ofbiz.party.test.WebServiceTest postXmlString
INFO: Response Code:null
Jul 3, 2012 6:50:12 PM org.ofbiz.party.test.WebServiceTest postXmlString
WARNING: Service Failed.
Jul 3, 2012 6:50:12 PM org.ofbiz.party.test.WebServiceTest postXmlString
INFO: XML INPUT: 
<?xml version="1.0" encoding="UTF-8"?><!-- Points Test with thru date only --><CRITERIA><CUSTOMER_ID>10093</CUSTOMER_ID><THRU_DATE>2012-06-01</THRU_DATE></CRITERIA>
Jul 3, 2012 6:50:12 PM org.ofbiz.party.test.WebServiceTest postXmlString
INFO: ResponseXml:<?xml version="1.0" encoding="UTF-8"?><RESPONSE ResponseId="24853">
    <TRANSACTION>
        <CUSTOMER_ID>10093</CUSTOMER_ID>
        <CURRENT_POINTS_BALANCE>70.0</CURRENT_POINTS_BALANCE>
        <POINTS_ACCUMULATED>2920.0</POINTS_ACCUMULATED>
        <POINTS_REDEEMED>2850.0</POINTS_REDEEMED>
        <POINTS_EXPIRED>0.0</POINTS_EXPIRED>
        <FROM_DATE/>
        <THRU_DATE>2012-06-01</THRU_DATE>
    </TRANSACTION>
</RESPONSE>

Jul 3, 2012 6:50:12 PM org.ofbiz.party.test.WebServiceTest postXmlString
INFO: XML OutPut: 

Jul 3, 2012 6:50:12 PM org.ofbiz.party.test.WebServiceTest postXmlString
INFO: Response Code:null
Jul 3, 2012 6:50:12 PM org.ofbiz.party.test.WebServiceTest postXmlString
WARNING: Service Failed.
Jul 3, 2012 6:50:12 PM org.ofbiz.party.test.WebServiceTest postXmlString
INFO: XML INPUT: 
<?xml version="1.0" encoding="UTF-8"?><!-- Points Test without Customer Id --><CRITERIA><CUSTOMER_ID></CUSTOMER_ID><THRU_DATE>2012-06-01</THRU_DATE></CRITERIA>
Jul 3, 2012 6:50:13 PM org.ofbiz.party.test.WebServiceTest postXmlString
INFO: ResponseXml:<?xml version="1.0" encoding="UTF-8"?><RESPONSE ResponseId="24854">
    <TRANSACTION>
        <RESPONSE_CODE>E110</RESPONSE_CODE>
    </TRANSACTION>
</RESPONSE>

Jul 3, 2012 6:50:13 PM org.ofbiz.party.test.WebServiceTest postXmlString
INFO: XML OutPut: 

Jul 3, 2012 6:50:13 PM org.ofbiz.party.test.WebServiceTest postXmlString
INFO: Response Code:E110 : Customer Id Cannot be Empty
Jul 3, 2012 6:50:13 PM org.ofbiz.party.test.WebServiceTest postXmlString
WARNING: Service Failed.
Jul 3, 2012 9:51:03 PM org.ofbiz.party.test.WebServiceTest postXmlString
INFO: XML INPUT: 
<?xml version="1.0" encoding="UTF-8"?><!-- Points Test Withour from and thrudate --><CRITERIA><CUSTOMER_ID>10093</CUSTOMER_ID></CRITERIA>
Jul 3, 2012 9:51:06 PM org.ofbiz.party.test.WebServiceTest postXmlString
INFO: ResponseXml:






<html>
<head>
<title>ERROR</title>
<meta http-equiv="Content-Type" content="text/html; charset=iso-8859-1"/>
</head>



<body bgcolor="#FFFFFF">
<div align="center">
  <br/>
  <table width="100%" border="1" height="200">
    <tr>
      <td>
        <table width="100%" border="0" height="200">
          <tr bgcolor="#CC6666"> 
            <td height="45"> 
              <div align="center"><font face="Verdana, Arial, Helvetica, sans-serif" size="4" color="#FFFFFF"><b>:ERROR MESSAGE:</b></font></div>
            </td>
          </tr>
          <tr> 
            <td>
              <div align="left"><span style="font: 10pt Courier">org.ofbiz.webapp.event.EventHandlerException&#58; Service invocation error &#40;null&#41;</span></div>
            </td>
          </tr>
        </table>
      </td>
    </tr>
  </table>
</div>
<div align="center"></div>
</body>
</html>

Jul 3, 2012 9:51:06 PM org.ofbiz.party.test.WebServiceTest postXmlString
INFO: XML OutPut: 

Jul 3, 2012 9:51:06 PM org.ofbiz.party.test.WebServiceTest postXmlString
INFO: Response Code:null
Jul 3, 2012 9:51:06 PM org.ofbiz.party.test.WebServiceTest postXmlString
WARNING: Service Failed.
Jul 3, 2012 9:51:06 PM org.ofbiz.party.test.WebServiceTest postXmlString
INFO: XML INPUT: 
<?xml version="1.0" encoding="UTF-8"?><!-- Points Test with from date only --><CRITERIA><CUSTOMER_ID>10093</CUSTOMER_ID><FROM_DATE>2012-02-01</FROM_DATE></CRITERIA>
Jul 3, 2012 9:51:07 PM org.ofbiz.party.test.WebServiceTest postXmlString
INFO: ResponseXml:<?xml version="1.0" encoding="UTF-8"?><RESPONSE ResponseId="35163">
    <TRANSACTION>
        <RESPONSE_CODE>E111</RESPONSE_CODE>
    </TRANSACTION>
</RESPONSE>

Jul 3, 2012 9:51:07 PM org.ofbiz.party.test.WebServiceTest postXmlString
INFO: XML OutPut: 

Jul 3, 2012 9:51:07 PM org.ofbiz.party.test.WebServiceTest postXmlString
INFO: Response Code:E111 : Cannot Find Customer
Jul 3, 2012 9:51:07 PM org.ofbiz.party.test.WebServiceTest postXmlString
WARNING: Service Failed.
Jul 3, 2012 9:51:07 PM org.ofbiz.party.test.WebServiceTest postXmlString
INFO: XML INPUT: 
<?xml version="1.0" encoding="UTF-8"?><!-- Points Test with thru date only --><CRITERIA><CUSTOMER_ID>10093</CUSTOMER_ID><THRU_DATE>2012-06-01</THRU_DATE></CRITERIA>
Jul 3, 2012 9:51:09 PM org.ofbiz.party.test.WebServiceTest postXmlString
INFO: ResponseXml:<?xml version="1.0" encoding="UTF-8"?><RESPONSE ResponseId="35164">
    <TRANSACTION>
        <RESPONSE_CODE>E111</RESPONSE_CODE>
    </TRANSACTION>
</RESPONSE>

Jul 3, 2012 9:51:09 PM org.ofbiz.party.test.WebServiceTest postXmlString
INFO: XML OutPut: 

Jul 3, 2012 9:51:09 PM org.ofbiz.party.test.WebServiceTest postXmlString
INFO: Response Code:E111 : Cannot Find Customer
Jul 3, 2012 9:51:09 PM org.ofbiz.party.test.WebServiceTest postXmlString
WARNING: Service Failed.
Jul 3, 2012 9:51:09 PM org.ofbiz.party.test.WebServiceTest postXmlString
INFO: XML INPUT: 
<?xml version="1.0" encoding="UTF-8"?><!-- Points Test without Customer Id --><CRITERIA><CUSTOMER_ID></CUSTOMER_ID><THRU_DATE>2012-06-01</THRU_DATE></CRITERIA>
Jul 3, 2012 9:51:10 PM org.ofbiz.party.test.WebServiceTest postXmlString
INFO: ResponseXml:<?xml version="1.0" encoding="UTF-8"?><RESPONSE ResponseId="35165">
    <TRANSACTION>
        <RESPONSE_CODE>E110</RESPONSE_CODE>
    </TRANSACTION>
</RESPONSE>

Jul 3, 2012 9:51:10 PM org.ofbiz.party.test.WebServiceTest postXmlString
INFO: XML OutPut: 

Jul 3, 2012 9:51:10 PM org.ofbiz.party.test.WebServiceTest postXmlString
INFO: Response Code:E110 : Customer Id Cannot be Empty
Jul 3, 2012 9:51:10 PM org.ofbiz.party.test.WebServiceTest postXmlString
WARNING: Service Failed.
Jul 3, 2012 10:01:56 PM org.ofbiz.party.test.WebServiceTest postXmlString
INFO: XML INPUT: 
<?xml version="1.0" encoding="UTF-8"?><!-- Creation Test --><REQUEST><CUSTOMER><FIRST_NAME>Hollie</FIRST_NAME><LAST_NAME>Sailors</LAST_NAME><CUSTOMER_ID></CUSTOMER_ID><ASSIGNED_STORE>00200</ASSIGNED_STORE><CUSTOMER_CROSS_REFERENCES/><POSTAL_CONTACTS><CONTACT><TO_NAME>Hollie Sailors</TO_NAME><ADDRESS1>10210 Pearl Dr</ADDRESS1><ADDRESS2/><CITY>HOUSTON</CITY><STATE>TX</STATE><ZIPCODE>77064</ZIPCODE><COUNTRY>USA</COUNTRY><CONTACT_MECH_ID></CONTACT_MECH_ID>         <CUSTOMER_MECH_REFERENCES/><CONTACT_TYPE>GENERAL_LOCATION</CONTACT_TYPE></CONTACT></POSTAL_CONTACTS><EMAIL_CONTACTS><CONTACT><EMAIL>jhsailors@comcast.net</EMAIL><CONTACT_MECH_ID></CONTACT_MECH_ID><CUSTOMER_MECH_REFERENCES/><CONTACT_TYPE>PRIMARY_EMAIL</CONTACT_TYPE></CONTACT>     </EMAIL_CONTACTS><PHONE_CONTACTS><CONTACT><PHONE>2819703595</PHONE><CONTACT_MECH_ID></CONTACT_MECH_ID><CUSTOMER_MECH_REFERENCES/><CONTACT_TYPE>PRIMARY_PHONE</CONTACT_TYPE></CONTACT></PHONE_CONTACTS><LOYALTY_ID/></CUSTOMER></REQUEST>
Jul 3, 2012 10:02:00 PM org.ofbiz.party.test.WebServiceTest postXmlString
INFO: ResponseXml:<?xml version="1.0" encoding="UTF-8"?><RESPONSE ResponseId="35166">
    <RESPONSE_DATE>2012-07-03 11:30:38.862</RESPONSE_DATE>
    <CUSTOMER_ID>8119297</CUSTOMER_ID>
    <RESPONSE_CODE>S103</RESPONSE_CODE>
</RESPONSE>

Jul 3, 2012 10:02:00 PM org.ofbiz.party.test.WebServiceTest postXmlString
INFO: XML OutPut: 

Jul 3, 2012 10:02:00 PM org.ofbiz.party.test.WebServiceTest postXmlString
INFO: Response Code:S103 : Customer Created successfully
Jul 3, 2012 10:02:00 PM org.ofbiz.party.test.WebServiceTest postXmlString
INFO: Returened Success.
Jul 3, 2012 10:02:00 PM org.ofbiz.party.test.WebServiceTest postXmlString
INFO: XML INPUT: 
<?xml version="1.0" encoding="UTF-8"?><!-- Creation Test --><REQUEST><CUSTOMER><FIRST_NAME>Hollie</FIRST_NAME><LAST_NAME>Sailors</LAST_NAME><CUSTOMER_ID></CUSTOMER_ID><ASSIGNED_STORE>00200</ASSIGNED_STORE><CUSTOMER_CROSS_REFERENCES><CROSS_REFERENCE><SYSTEM_REFERENCE>ATG_CUST_ID</SYSTEM_REFERENCE><SYSTEM_REFERENCE_ID>4578353453</SYSTEM_REFERENCE_ID></CROSS_REFERENCE></CUSTOMER_CROSS_REFERENCES><POSTAL_CONTACTS><CONTACT><TO_NAME>Hollie Sailors</TO_NAME><ADDRESS1>10210 Pearl Dr</ADDRESS1><ADDRESS2/><CITY>HOUSTON</CITY><STATE>TX</STATE><ZIPCODE>77064</ZIPCODE><COUNTRY>USA</COUNTRY><CONTACT_MECH_ID></CONTACT_MECH_ID><CUSTOMER_MECH_REFERENCES/><CONTACT_TYPE>GENERAL_LOCATION</CONTACT_TYPE></CONTACT></POSTAL_CONTACTS><EMAIL_CONTACTS><CONTACT><EMAIL>jhsailors@comcast.net</EMAIL><CONTACT_MECH_ID></CONTACT_MECH_ID><CUSTOMER_MECH_REFERENCES/><CONTACT_TYPE>PRIMARY_EMAIL</CONTACT_TYPE></CONTACT>     </EMAIL_CONTACTS><PHONE_CONTACTS><CONTACT><PHONE>2819703595</PHONE><CONTACT_MECH_ID></CONTACT_MECH_ID><CUSTOMER_MECH_REFERENCES/><CONTACT_TYPE>PRIMARY_PHONE</CONTACT_TYPE></CONTACT></PHONE_CONTACTS><LOYALTY_ID/></CUSTOMER></REQUEST>
Jul 3, 2012 10:02:01 PM org.ofbiz.party.test.WebServiceTest postXmlString
INFO: ResponseXml:<?xml version="1.0" encoding="UTF-8"?><RESPONSE ResponseId="35167">
    <RESPONSE_DATE>2012-07-03 11:30:40.126</RESPONSE_DATE>
    <CUSTOMER_ID>8119298</CUSTOMER_ID>
    <LOYALTY_ID>10000003185</LOYALTY_ID>
    <RESPONSE_CODE>S103</RESPONSE_CODE>
</RESPONSE>

Jul 3, 2012 10:02:01 PM org.ofbiz.party.test.WebServiceTest postXmlString
INFO: XML OutPut: 

Jul 3, 2012 10:02:01 PM org.ofbiz.party.test.WebServiceTest postXmlString
INFO: Response Code:S103 : Customer Created successfully
Jul 3, 2012 10:02:01 PM org.ofbiz.party.test.WebServiceTest postXmlString
INFO: Returened Success.
Jul 4, 2012 2:03:41 AM org.ofbiz.party.test.WebServiceTest postXmlString
INFO: XML INPUT: 
<?xml version="1.0" encoding="UTF-8"?><!-- Points Test Withour from and thrudate --><CRITERIA><CUSTOMER_ID>10093</CUSTOMER_ID></CRITERIA>
Jul 4, 2012 2:03:42 AM org.ofbiz.party.test.WebServiceTest postXmlString
INFO: ResponseXml:<?xml version="1.0" encoding="UTF-8"?><RESPONSE ResponseId="24855">
    <TRANSACTION>
        <CUSTOMER_ID>10093</CUSTOMER_ID>
        <CURRENT_POINTS_BALANCE>70.0</CURRENT_POINTS_BALANCE>
        <POINTS_ACCUMULATED>2920.0</POINTS_ACCUMULATED>
        <POINTS_REDEEMED>2850.0</POINTS_REDEEMED>
        <POINTS_EXPIRED>0.0</POINTS_EXPIRED>
        <FROM_DATE/>
        <THRU_DATE/>
    </TRANSACTION>
</RESPONSE>

Jul 4, 2012 2:03:42 AM org.ofbiz.party.test.WebServiceTest postXmlString
INFO: XML OutPut: 

Jul 4, 2012 2:03:42 AM org.ofbiz.party.test.WebServiceTest postXmlString
INFO: Response Code:null
Jul 4, 2012 2:03:42 AM org.ofbiz.party.test.WebServiceTest postXmlString
WARNING: Service Failed.
Jul 4, 2012 2:03:42 AM org.ofbiz.party.test.WebServiceTest postXmlString
INFO: XML INPUT: 
<?xml version="1.0" encoding="UTF-8"?><!-- Points Test with from date only --><CRITERIA><CUSTOMER_ID>10093</CUSTOMER_ID><FROM_DATE>2012-02-01</FROM_DATE></CRITERIA>
Jul 4, 2012 2:03:43 AM org.ofbiz.party.test.WebServiceTest postXmlString
INFO: ResponseXml:<?xml version="1.0" encoding="UTF-8"?><RESPONSE ResponseId="24856">
    <TRANSACTION>
        <CUSTOMER_ID>10093</CUSTOMER_ID>
        <CURRENT_POINTS_BALANCE>70.0</CURRENT_POINTS_BALANCE>
        <POINTS_ACCUMULATED>2920.0</POINTS_ACCUMULATED>
        <POINTS_REDEEMED>2850.0</POINTS_REDEEMED>
        <POINTS_EXPIRED>0.0</POINTS_EXPIRED>
        <FROM_DATE>2012-02-01</FROM_DATE>
        <THRU_DATE/>
    </TRANSACTION>
</RESPONSE>

Jul 4, 2012 2:03:43 AM org.ofbiz.party.test.WebServiceTest postXmlString
INFO: XML OutPut: 

Jul 4, 2012 2:03:43 AM org.ofbiz.party.test.WebServiceTest postXmlString
INFO: Response Code:null
Jul 4, 2012 2:03:43 AM org.ofbiz.party.test.WebServiceTest postXmlString
WARNING: Service Failed.
Jul 4, 2012 2:03:43 AM org.ofbiz.party.test.WebServiceTest postXmlString
INFO: XML INPUT: 
<?xml version="1.0" encoding="UTF-8"?><!-- Points Test with thru date only --><CRITERIA><CUSTOMER_ID>10093</CUSTOMER_ID><THRU_DATE>2012-06-01</THRU_DATE></CRITERIA>
Jul 4, 2012 2:03:43 AM org.ofbiz.party.test.WebServiceTest postXmlString
INFO: ResponseXml:<?xml version="1.0" encoding="UTF-8"?><RESPONSE ResponseId="24857">
    <TRANSACTION>
        <CUSTOMER_ID>10093</CUSTOMER_ID>
        <CURRENT_POINTS_BALANCE>70.0</CURRENT_POINTS_BALANCE>
        <POINTS_ACCUMULATED>2920.0</POINTS_ACCUMULATED>
        <POINTS_REDEEMED>2850.0</POINTS_REDEEMED>
        <POINTS_EXPIRED>0.0</POINTS_EXPIRED>
        <FROM_DATE/>
        <THRU_DATE>2012-06-01</THRU_DATE>
    </TRANSACTION>
</RESPONSE>

Jul 4, 2012 2:03:43 AM org.ofbiz.party.test.WebServiceTest postXmlString
INFO: XML OutPut: 

Jul 4, 2012 2:03:43 AM org.ofbiz.party.test.WebServiceTest postXmlString
INFO: Response Code:null
Jul 4, 2012 2:03:43 AM org.ofbiz.party.test.WebServiceTest postXmlString
WARNING: Service Failed.
Jul 4, 2012 2:03:43 AM org.ofbiz.party.test.WebServiceTest postXmlString
INFO: XML INPUT: 
<?xml version="1.0" encoding="UTF-8"?><!-- Points Test without Customer Id --><CRITERIA><CUSTOMER_ID></CUSTOMER_ID><THRU_DATE>2012-06-01</THRU_DATE></CRITERIA>
Jul 4, 2012 2:03:44 AM org.ofbiz.party.test.WebServiceTest postXmlString
INFO: ResponseXml:<?xml version="1.0" encoding="UTF-8"?><RESPONSE ResponseId="24858">
    <TRANSACTION>
        <RESPONSE_CODE>E110</RESPONSE_CODE>
    </TRANSACTION>
</RESPONSE>

Jul 4, 2012 2:03:44 AM org.ofbiz.party.test.WebServiceTest postXmlString
INFO: XML OutPut: 

Jul 4, 2012 2:03:44 AM org.ofbiz.party.test.WebServiceTest postXmlString
INFO: Response Code:E110 : Customer Id Cannot be Empty
Jul 4, 2012 2:03:44 AM org.ofbiz.party.test.WebServiceTest postXmlString
WARNING: Service Failed.
Jul 4, 2012 4:08:43 AM org.ofbiz.party.test.WebServiceTest postXmlString
INFO: XML INPUT: 
<?xml version="1.0" encoding="UTF-8"?><!-- Points Test Withour from and thrudate --><CRITERIA><CUSTOMER_ID>10093</CUSTOMER_ID></CRITERIA>
Jul 4, 2012 4:08:47 AM org.ofbiz.party.test.WebServiceTest postXmlString
INFO: ResponseXml:<?xml version="1.0" encoding="UTF-8"?><RESPONSE ResponseId="24860">
    <TRANSACTION>
        <CUSTOMER_ID>10093</CUSTOMER_ID>
        <CURRENT_POINTS_BALANCE>70.0</CURRENT_POINTS_BALANCE>
        <POINTS_ACCUMULATED>2920.0</POINTS_ACCUMULATED>
        <POINTS_REDEEMED>2850.0</POINTS_REDEEMED>
        <POINTS_EXPIRED>0.0</POINTS_EXPIRED>
        <FROM_DATE/>
        <THRU_DATE/>
    </TRANSACTION>
</RESPONSE>

Jul 4, 2012 4:08:47 AM org.ofbiz.party.test.WebServiceTest postXmlString
INFO: XML OutPut: 

Jul 4, 2012 4:08:47 AM org.ofbiz.party.test.WebServiceTest postXmlString
INFO: Response Code:null
Jul 4, 2012 4:08:47 AM org.ofbiz.party.test.WebServiceTest postXmlString
WARNING: Service Failed.
Jul 4, 2012 4:08:47 AM org.ofbiz.party.test.WebServiceTest postXmlString
INFO: XML INPUT: 
<?xml version="1.0" encoding="UTF-8"?><!-- Points Test with from date only --><CRITERIA><CUSTOMER_ID>10093</CUSTOMER_ID><FROM_DATE>2012-02-01</FROM_DATE></CRITERIA>
Jul 4, 2012 4:08:48 AM org.ofbiz.party.test.WebServiceTest postXmlString
INFO: ResponseXml:<?xml version="1.0" encoding="UTF-8"?><RESPONSE ResponseId="24861">
    <TRANSACTION>
        <CUSTOMER_ID>10093</CUSTOMER_ID>
        <CURRENT_POINTS_BALANCE>70.0</CURRENT_POINTS_BALANCE>
        <POINTS_ACCUMULATED>2920.0</POINTS_ACCUMULATED>
        <POINTS_REDEEMED>2850.0</POINTS_REDEEMED>
        <POINTS_EXPIRED>0.0</POINTS_EXPIRED>
        <FROM_DATE>2012-02-01</FROM_DATE>
        <THRU_DATE/>
    </TRANSACTION>
</RESPONSE>

Jul 4, 2012 4:08:48 AM org.ofbiz.party.test.WebServiceTest postXmlString
INFO: XML OutPut: 

Jul 4, 2012 4:08:48 AM org.ofbiz.party.test.WebServiceTest postXmlString
INFO: Response Code:null
Jul 4, 2012 4:08:48 AM org.ofbiz.party.test.WebServiceTest postXmlString
WARNING: Service Failed.
Jul 4, 2012 4:08:48 AM org.ofbiz.party.test.WebServiceTest postXmlString
INFO: XML INPUT: 
<?xml version="1.0" encoding="UTF-8"?><!-- Points Test with thru date only --><CRITERIA><CUSTOMER_ID>10093</CUSTOMER_ID><THRU_DATE>2012-06-01</THRU_DATE></CRITERIA>
Jul 4, 2012 4:08:48 AM org.ofbiz.party.test.WebServiceTest postXmlString
INFO: ResponseXml:<?xml version="1.0" encoding="UTF-8"?><RESPONSE ResponseId="24862">
    <TRANSACTION>
        <CUSTOMER_ID>10093</CUSTOMER_ID>
        <CURRENT_POINTS_BALANCE>70.0</CURRENT_POINTS_BALANCE>
        <POINTS_ACCUMULATED>2920.0</POINTS_ACCUMULATED>
        <POINTS_REDEEMED>2850.0</POINTS_REDEEMED>
        <POINTS_EXPIRED>0.0</POINTS_EXPIRED>
        <FROM_DATE/>
        <THRU_DATE>2012-06-01</THRU_DATE>
    </TRANSACTION>
</RESPONSE>

Jul 4, 2012 4:08:48 AM org.ofbiz.party.test.WebServiceTest postXmlString
INFO: XML OutPut: 

Jul 4, 2012 4:08:48 AM org.ofbiz.party.test.WebServiceTest postXmlString
INFO: Response Code:null
Jul 4, 2012 4:08:48 AM org.ofbiz.party.test.WebServiceTest postXmlString
WARNING: Service Failed.
Jul 4, 2012 4:08:48 AM org.ofbiz.party.test.WebServiceTest postXmlString
INFO: XML INPUT: 
<?xml version="1.0" encoding="UTF-8"?><!-- Points Test without Customer Id --><CRITERIA><CUSTOMER_ID></CUSTOMER_ID><THRU_DATE>2012-06-01</THRU_DATE></CRITERIA>
Jul 4, 2012 4:08:49 AM org.ofbiz.party.test.WebServiceTest postXmlString
INFO: ResponseXml:<?xml version="1.0" encoding="UTF-8"?><RESPONSE ResponseId="24863">
    <TRANSACTION>
        <RESPONSE_CODE>E110</RESPONSE_CODE>
    </TRANSACTION>
</RESPONSE>

Jul 4, 2012 4:08:49 AM org.ofbiz.party.test.WebServiceTest postXmlString
INFO: XML OutPut: 

Jul 4, 2012 4:08:49 AM org.ofbiz.party.test.WebServiceTest postXmlString
INFO: Response Code:E110 : Customer Id Cannot be Empty
Jul 4, 2012 4:08:49 AM org.ofbiz.party.test.WebServiceTest postXmlString
WARNING: Service Failed.
Jul 4, 2012 4:15:54 AM org.ofbiz.party.test.WebServiceTest postXmlString
INFO: XML INPUT: 
<?xml version="1.0" encoding="ISO-8859-1"?><!-- Find Customer using First & Last Name --><REQUEST><CRITERIA><REQUEST_DATE>2012-01-25 11:11:00</REQUEST_DATE><FIRST_NAME>Dana</FIRST_NAME><LAST_NAME>Mcinnis</LAST_NAME><CITY></CITY><STATE></STATE><PROVINCE></PROVINCE><CUSTOMER_ID></CUSTOMER_ID><ZIP_CODE></ZIP_CODE><EMAIL_ID></EMAIL_ID><SYSTEM_REFERENCE></SYSTEM_REFERENCE></CRITERIA> </REQUEST>
Jul 4, 2012 4:15:56 AM org.ofbiz.party.test.WebServiceTest postXmlString
INFO: ResponseXml:<?xml version="1.0" encoding="UTF-8"?><RESPONSE ResponseId="24865">
    <RESPONSE_DATE>2012-07-03 17:45:55.766</RESPONSE_DATE>
    <CUSTOMER>
        <FIRST_NAME>Dana</FIRST_NAME>
        <LAST_NAME>Mcinnis</LAST_NAME>
        <CUSTOMER_ID>10115</CUSTOMER_ID>
        <ADDRESS1/>
        <ADDRESS2/>
        <CITY/>
        <ZIP/>
        <COUNTRY/>
        <EMAIL_ID/>
        <PHONE_NUMBER/>
        <ASSIGNED_STORE>9000</ASSIGNED_STORE>
        <CROSS_REFERENCE>
            <SYSTEM_REFERENCE>WINDSS_ID</SYSTEM_REFERENCE>
            <SYSTEM_REFERENCE_ID/>
        </CROSS_REFERENCE>
        <CROSS_REFERENCE>
            <SYSTEM_REFERENCE>PRETAIL_ID</SYSTEM_REFERENCE>
            <SYSTEM_REFERENCE_ID/>
        </CROSS_REFERENCE>
        <CROSS_REFERENCE>
            <SYSTEM_REFERENCE>ATG_CUST_ID</SYSTEM_REFERENCE>
            <SYSTEM_REFERENCE_ID/>
        </CROSS_REFERENCE>
    </CUSTOMER>
    <CUSTOMER>
        <FIRST_NAME>Dana</FIRST_NAME>
        <LAST_NAME>Mcinnis</LAST_NAME>
        <CUSTOMER_ID>0000010179</CUSTOMER_ID>
        <ADDRESS1>223 Vermont Ave</ADDRESS1>
        <ADDRESS2/>
        <CITY>Providence</CITY>
        <STATE>RI</STATE>
        <ZIP>02905</ZIP>
        <COUNTRY>USA</COUNTRY>
        <EMAIL_ID/>
        <PHONE_NUMBER/>
        <ASSIGNED_STORE>9000</ASSIGNED_STORE>
        <CROSS_REFERENCE>
            <SYSTEM_REFERENCE>WINDSS_ID</SYSTEM_REFERENCE>
            <SYSTEM_REFERENCE_ID>130612658</SYSTEM_REFERENCE_ID>
        </CROSS_REFERENCE>
        <CROSS_REFERENCE>
            <SYSTEM_REFERENCE>PRETAIL_ID</SYSTEM_REFERENCE>
            <SYSTEM_REFERENCE_ID/>
        </CROSS_REFERENCE>
        <CROSS_REFERENCE>
            <SYSTEM_REFERENCE>ATG_CUST_ID</SYSTEM_REFERENCE>
            <SYSTEM_REFERENCE_ID/>
        </CROSS_REFERENCE>
        <CROSS_REFERENCE>
            <SYSTEM_REFERENCE>LOYALTY_ID</SYSTEM_REFERENCE>
            <SYSTEM_REFERENCE_ID>10000006725</SYSTEM_REFERENCE_ID>
        </CROSS_REFERENCE>
    </CUSTOMER>
</RESPONSE>

Jul 4, 2012 4:15:56 AM org.ofbiz.party.test.WebServiceTest postXmlString
INFO: XML OutPut: 

Jul 4, 2012 4:15:56 AM org.ofbiz.party.test.WebServiceTest postXmlString
INFO: Response Code:null
Jul 4, 2012 4:15:56 AM org.ofbiz.party.test.WebServiceTest postXmlString
WARNING: Service Failed.
Jul 4, 2012 4:18:09 AM org.ofbiz.party.test.WebServiceTest postXmlString
INFO: XML INPUT: 
<?xml version="1.0" encoding="ISO-8859-1"?><!-- Find Customer using First & Last Name --><REQUEST><CRITERIA><REQUEST_DATE>2012-01-25 11:11:00</REQUEST_DATE><FIRST_NAME>Dana</FIRST_NAME><LAST_NAME>Mcinnis</LAST_NAME><CITY></CITY><STATE></STATE><PROVINCE></PROVINCE><CUSTOMER_ID></CUSTOMER_ID><ZIP_CODE></ZIP_CODE><EMAIL_ID></EMAIL_ID><SYSTEM_REFERENCE></SYSTEM_REFERENCE></CRITERIA> </REQUEST>
Jul 4, 2012 4:18:11 AM org.ofbiz.party.test.WebServiceTest postXmlString
INFO: ResponseXml:<?xml version="1.0" encoding="UTF-8"?><RESPONSE ResponseId="24866">
    <RESPONSE_DATE>2012-07-03 17:48:10.682</RESPONSE_DATE>
    <CUSTOMER>
        <FIRST_NAME>Dana</FIRST_NAME>
        <LAST_NAME>Mcinnis</LAST_NAME>
        <CUSTOMER_ID>10115</CUSTOMER_ID>
        <ADDRESS1/>
        <ADDRESS2/>
        <CITY/>
        <ZIP/>
        <COUNTRY/>
        <EMAIL_ID/>
        <PHONE_NUMBER/>
        <ASSIGNED_STORE>9000</ASSIGNED_STORE>
        <CROSS_REFERENCE>
            <SYSTEM_REFERENCE>WINDSS_ID</SYSTEM_REFERENCE>
            <SYSTEM_REFERENCE_ID/>
        </CROSS_REFERENCE>
        <CROSS_REFERENCE>
            <SYSTEM_REFERENCE>PRETAIL_ID</SYSTEM_REFERENCE>
            <SYSTEM_REFERENCE_ID/>
        </CROSS_REFERENCE>
        <CROSS_REFERENCE>
            <SYSTEM_REFERENCE>ATG_CUST_ID</SYSTEM_REFERENCE>
            <SYSTEM_REFERENCE_ID/>
        </CROSS_REFERENCE>
    </CUSTOMER>
    <CUSTOMER>
        <FIRST_NAME>Dana</FIRST_NAME>
        <LAST_NAME>Mcinnis</LAST_NAME>
        <CUSTOMER_ID>0000010179</CUSTOMER_ID>
        <ADDRESS1>223 Vermont Ave</ADDRESS1>
        <ADDRESS2/>
        <CITY>Providence</CITY>
        <STATE>RI</STATE>
        <ZIP>02905</ZIP>
        <COUNTRY>USA</COUNTRY>
        <EMAIL_ID/>
        <PHONE_NUMBER/>
        <ASSIGNED_STORE>9000</ASSIGNED_STORE>
        <CROSS_REFERENCE>
            <SYSTEM_REFERENCE>WINDSS_ID</SYSTEM_REFERENCE>
            <SYSTEM_REFERENCE_ID>130612658</SYSTEM_REFERENCE_ID>
        </CROSS_REFERENCE>
        <CROSS_REFERENCE>
            <SYSTEM_REFERENCE>PRETAIL_ID</SYSTEM_REFERENCE>
            <SYSTEM_REFERENCE_ID/>
        </CROSS_REFERENCE>
        <CROSS_REFERENCE>
            <SYSTEM_REFERENCE>ATG_CUST_ID</SYSTEM_REFERENCE>
            <SYSTEM_REFERENCE_ID/>
        </CROSS_REFERENCE>
        <CROSS_REFERENCE>
            <SYSTEM_REFERENCE>LOYALTY_ID</SYSTEM_REFERENCE>
            <SYSTEM_REFERENCE_ID>10000006725</SYSTEM_REFERENCE_ID>
        </CROSS_REFERENCE>
    </CUSTOMER>
</RESPONSE>

Jul 4, 2012 4:18:11 AM org.ofbiz.party.test.WebServiceTest postXmlString
INFO: XML OutPut: 

Jul 4, 2012 4:18:11 AM org.ofbiz.party.test.WebServiceTest postXmlString
INFO: Response Code:null
Jul 4, 2012 4:18:11 AM org.ofbiz.party.test.WebServiceTest postXmlString
WARNING: Service Failed.
Jul 4, 2012 4:18:11 AM org.ofbiz.party.test.WebServiceTest postXmlString
INFO: XML INPUT: 
<?xml version="1.0" encoding="ISO-8859-1"?><!-- Find Customer using Phone --><REQUEST><CRITERIA><REQUEST_DATE>2012-01-25 11:11:00</REQUEST_DATE><FIRST_NAME></FIRST_NAME><LAST_NAME></LAST_NAME><CITY></CITY><STATE></STATE><PROVINCE></PROVINCE><CUSTOMER_ID></CUSTOMER_ID><ZIP_CODE></ZIP_CODE><PHONE_NUMBER>4012702078</PHONE_NUMBER><EMAIL_ID></EMAIL_ID><SYSTEM_REFERENCE></SYSTEM_REFERENCE></CRITERIA> </REQUEST>
Jul 4, 2012 4:18:12 AM org.ofbiz.party.test.WebServiceTest postXmlString
INFO: ResponseXml:<?xml version="1.0" encoding="UTF-8"?><RESPONSE ResponseId="24867">
    <RESPONSE_DATE>2012-07-03 17:48:12.146</RESPONSE_DATE>
    <RESPONSE_CODE>E105</RESPONSE_CODE>
</RESPONSE>

Jul 4, 2012 4:18:12 AM org.ofbiz.party.test.WebServiceTest postXmlString
INFO: XML OutPut: 

Jul 4, 2012 4:18:12 AM org.ofbiz.party.test.WebServiceTest postXmlString
INFO: Response Code:E105 : No Customer found for Input criteria
Jul 4, 2012 4:18:12 AM org.ofbiz.party.test.WebServiceTest postXmlString
WARNING: Service Failed.
Jul 4, 2012 4:19:55 AM org.ofbiz.party.test.WebServiceTest postXmlString
INFO: XML INPUT: 
<?xml version="1.0" encoding="ISO-8859-1"?><!-- Find Customer using First & Last Name --><REQUEST><CRITERIA><REQUEST_DATE>2012-01-25 11:11:00</REQUEST_DATE><FIRST_NAME>Dana</FIRST_NAME><LAST_NAME>Mcinnis</LAST_NAME><CITY></CITY><STATE></STATE><PROVINCE></PROVINCE><CUSTOMER_ID></CUSTOMER_ID><ZIP_CODE></ZIP_CODE><EMAIL_ID></EMAIL_ID><SYSTEM_REFERENCE></SYSTEM_REFERENCE></CRITERIA> </REQUEST>
Jul 4, 2012 4:19:57 AM org.ofbiz.party.test.WebServiceTest postXmlString
INFO: ResponseXml:<?xml version="1.0" encoding="UTF-8"?><RESPONSE ResponseId="24869">
    <RESPONSE_DATE>2012-07-03 17:49:56.837</RESPONSE_DATE>
    <CUSTOMER>
        <FIRST_NAME>Dana</FIRST_NAME>
        <LAST_NAME>Mcinnis</LAST_NAME>
        <CUSTOMER_ID>10115</CUSTOMER_ID>
        <ADDRESS1/>
        <ADDRESS2/>
        <CITY/>
        <ZIP/>
        <COUNTRY/>
        <EMAIL_ID/>
        <PHONE_NUMBER/>
        <ASSIGNED_STORE>9000</ASSIGNED_STORE>
        <CROSS_REFERENCE>
            <SYSTEM_REFERENCE>WINDSS_ID</SYSTEM_REFERENCE>
            <SYSTEM_REFERENCE_ID/>
        </CROSS_REFERENCE>
        <CROSS_REFERENCE>
            <SYSTEM_REFERENCE>PRETAIL_ID</SYSTEM_REFERENCE>
            <SYSTEM_REFERENCE_ID/>
        </CROSS_REFERENCE>
        <CROSS_REFERENCE>
            <SYSTEM_REFERENCE>ATG_CUST_ID</SYSTEM_REFERENCE>
            <SYSTEM_REFERENCE_ID/>
        </CROSS_REFERENCE>
    </CUSTOMER>
    <CUSTOMER>
        <FIRST_NAME>Dana</FIRST_NAME>
        <LAST_NAME>Mcinnis</LAST_NAME>
        <CUSTOMER_ID>0000010179</CUSTOMER_ID>
        <ADDRESS1>223 Vermont Ave</ADDRESS1>
        <ADDRESS2/>
        <CITY>Providence</CITY>
        <STATE>RI</STATE>
        <ZIP>02905</ZIP>
        <COUNTRY>USA</COUNTRY>
        <EMAIL_ID/>
        <PHONE_NUMBER/>
        <ASSIGNED_STORE>9000</ASSIGNED_STORE>
        <CROSS_REFERENCE>
            <SYSTEM_REFERENCE>WINDSS_ID</SYSTEM_REFERENCE>
            <SYSTEM_REFERENCE_ID>130612658</SYSTEM_REFERENCE_ID>
        </CROSS_REFERENCE>
        <CROSS_REFERENCE>
            <SYSTEM_REFERENCE>PRETAIL_ID</SYSTEM_REFERENCE>
            <SYSTEM_REFERENCE_ID/>
        </CROSS_REFERENCE>
        <CROSS_REFERENCE>
            <SYSTEM_REFERENCE>ATG_CUST_ID</SYSTEM_REFERENCE>
            <SYSTEM_REFERENCE_ID/>
        </CROSS_REFERENCE>
        <CROSS_REFERENCE>
            <SYSTEM_REFERENCE>LOYALTY_ID</SYSTEM_REFERENCE>
            <SYSTEM_REFERENCE_ID>10000006725</SYSTEM_REFERENCE_ID>
        </CROSS_REFERENCE>
    </CUSTOMER>
</RESPONSE>

Jul 4, 2012 4:19:57 AM org.ofbiz.party.test.WebServiceTest postXmlString
INFO: XML OutPut: 

Jul 4, 2012 4:19:57 AM org.ofbiz.party.test.WebServiceTest postXmlString
INFO: Response Code:null
Jul 4, 2012 4:19:57 AM org.ofbiz.party.test.WebServiceTest postXmlString
WARNING: Service Failed.
Jul 4, 2012 4:19:57 AM org.ofbiz.party.test.WebServiceTest postXmlString
INFO: XML INPUT: 
<?xml version="1.0" encoding="ISO-8859-1"?><!-- Find Customer using Phone --><REQUEST><CRITERIA><REQUEST_DATE>2012-01-25 11:11:00</REQUEST_DATE><FIRST_NAME></FIRST_NAME><LAST_NAME></LAST_NAME><CITY></CITY><STATE></STATE><PROVINCE></PROVINCE><CUSTOMER_ID></CUSTOMER_ID><ZIP_CODE></ZIP_CODE><PHONE_NUMBER>4012702078</PHONE_NUMBER><EMAIL_ID></EMAIL_ID><SYSTEM_REFERENCE></SYSTEM_REFERENCE></CRITERIA> </REQUEST>
Jul 4, 2012 4:19:57 AM org.ofbiz.party.test.WebServiceTest postXmlString
INFO: ResponseXml:<?xml version="1.0" encoding="UTF-8"?><RESPONSE ResponseId="24870">
    <RESPONSE_DATE>2012-07-03 17:49:57.828</RESPONSE_DATE>
    <RESPONSE_CODE>E105</RESPONSE_CODE>
</RESPONSE>

Jul 4, 2012 4:19:57 AM org.ofbiz.party.test.WebServiceTest postXmlString
INFO: XML OutPut: 

Jul 4, 2012 4:19:57 AM org.ofbiz.party.test.WebServiceTest postXmlString
INFO: Response Code:E105 : No Customer found for Input criteria
Jul 4, 2012 4:19:57 AM org.ofbiz.party.test.WebServiceTest postXmlString
WARNING: Service Failed.
Jul 4, 2012 4:19:57 AM org.ofbiz.party.test.WebServiceTest postXmlString
INFO: XML INPUT: 
<?xml version="1.0" encoding="ISO-8859-1"?><!-- Find Customer using Email --><REQUEST><CRITERIA><REQUEST_DATE>2012-01-25 11:11:00</REQUEST_DATE><FIRST_NAME></FIRST_NAME><LAST_NAME></LAST_NAME><CITY></CITY><STATE></STATE><PROVINCE></PROVINCE><CUSTOMER_ID></CUSTOMER_ID><ZIP_CODE></ZIP_CODE><PHONE_NUMBER></PHONE_NUMBER><EMAIL_ID>krismart25@hotmail.com</EMAIL_ID><SYSTEM_REFERENCE></SYSTEM_REFERENCE></CRITERIA> </REQUEST>
Jul 4, 2012 4:19:59 AM org.ofbiz.party.test.WebServiceTest postXmlString
INFO: ResponseXml:<?xml version="1.0" encoding="UTF-8"?><RESPONSE ResponseId="24871">
    <RESPONSE_DATE>2012-07-03 17:49:58.3</RESPONSE_DATE>
    <CUSTOMER>
        <FIRST_NAME>Kristen</FIRST_NAME>
        <LAST_NAME>Martin</LAST_NAME>
        <CUSTOMER_ID>10296</CUSTOMER_ID>
        <ADDRESS1/>
        <ADDRESS2/>
        <CITY/>
        <ZIP/>
        <COUNTRY/>
        <EMAIL_ID>krismart25@hotmail.com</EMAIL_ID>
        <PHONE_NUMBER>4012702078</PHONE_NUMBER>
        <ASSIGNED_STORE>9000</ASSIGNED_STORE>
        <CROSS_REFERENCE>
            <SYSTEM_REFERENCE>WINDSS_ID</SYSTEM_REFERENCE>
            <SYSTEM_REFERENCE_ID/>
        </CROSS_REFERENCE>
        <CROSS_REFERENCE>
            <SYSTEM_REFERENCE>PRETAIL_ID</SYSTEM_REFERENCE>
            <SYSTEM_REFERENCE_ID/>
        </CROSS_REFERENCE>
        <CROSS_REFERENCE>
            <SYSTEM_REFERENCE>ATG_CUST_ID</SYSTEM_REFERENCE>
            <SYSTEM_REFERENCE_ID/>
        </CROSS_REFERENCE>
    </CUSTOMER>
    <CUSTOMER>
        <FIRST_NAME>Kristen</FIRST_NAME>
        <LAST_NAME>Martins</LAST_NAME>
        <CUSTOMER_ID>0000010190</CUSTOMER_ID>
        <ADDRESS1>40 Lindsey Lane</ADDRESS1>
        <ADDRESS2>Suite M</ADDRESS2>
        <CITY>N Kingstown</CITY>
        <STATE>RI</STATE>
        <ZIP>02852</ZIP>
        <COUNTRY>USA</COUNTRY>
        <EMAIL_ID>krismart25@hotmail.com</EMAIL_ID>
        <PHONE_NUMBER>4012702078</PHONE_NUMBER>
        <ASSIGNED_STORE>9000</ASSIGNED_STORE>
        <CROSS_REFERENCE>
            <SYSTEM_REFERENCE>WINDSS_ID</SYSTEM_REFERENCE>
            <SYSTEM_REFERENCE_ID>130607312</SYSTEM_REFERENCE_ID>
        </CROSS_REFERENCE>
        <CROSS_REFERENCE>
            <SYSTEM_REFERENCE>PRETAIL_ID</SYSTEM_REFERENCE>
            <SYSTEM_REFERENCE_ID/>
        </CROSS_REFERENCE>
        <CROSS_REFERENCE>
            <SYSTEM_REFERENCE>ATG_CUST_ID</SYSTEM_REFERENCE>
            <SYSTEM_REFERENCE_ID>881000009</SYSTEM_REFERENCE_ID>
        </CROSS_REFERENCE>
        <CROSS_REFERENCE>
            <SYSTEM_REFERENCE>LOYALTY_ID</SYSTEM_REFERENCE>
            <SYSTEM_REFERENCE_ID>10324006949</SYSTEM_REFERENCE_ID>
        </CROSS_REFERENCE>
    </CUSTOMER>
    <CUSTOMER>
        <FIRST_NAME>Kristen</FIRST_NAME>
        <LAST_NAME>Martin</LAST_NAME>
        <CUSTOMER_ID>10316</CUSTOMER_ID>
        <ADDRESS1/>
        <ADDRESS2/>
        <CITY/>
        <ZIP/>
        <COUNTRY/>
        <EMAIL_ID>krismart25@hotmail.com</EMAIL_ID>
        <PHONE_NUMBER>4012702078</PHONE_NUMBER>
        <ASSIGNED_STORE>9000</ASSIGNED_STORE>
        <CROSS_REFERENCE>
            <SYSTEM_REFERENCE>WINDSS_ID</SYSTEM_REFERENCE>
            <SYSTEM_REFERENCE_ID/>
        </CROSS_REFERENCE>
        <CROSS_REFERENCE>
            <SYSTEM_REFERENCE>PRETAIL_ID</SYSTEM_REFERENCE>
            <SYSTEM_REFERENCE_ID/>
        </CROSS_REFERENCE>
        <CROSS_REFERENCE>
            <SYSTEM_REFERENCE>ATG_CUST_ID</SYSTEM_REFERENCE>
            <SYSTEM_REFERENCE_ID/>
        </CROSS_REFERENCE>
    </CUSTOMER>
    <CUSTOMER>
        <FIRST_NAME>Kristen</FIRST_NAME>
        <LAST_NAME>Martin</LAST_NAME>
        <CUSTOMER_ID>10747</CUSTOMER_ID>
        <ADDRESS1/>
        <ADDRESS2/>
        <CITY/>
        <ZIP/>
        <COUNTRY/>
        <EMAIL_ID>krismart25@hotmail.com</EMAIL_ID>
        <PHONE_NUMBER>4012702078</PHONE_NUMBER>
        <ASSIGNED_STORE>9000</ASSIGNED_STORE>
        <CROSS_REFERENCE>
            <SYSTEM_REFERENCE>WINDSS_ID</SYSTEM_REFERENCE>
            <SYSTEM_REFERENCE_ID/>
        </CROSS_REFERENCE>
        <CROSS_REFERENCE>
            <SYSTEM_REFERENCE>PRETAIL_ID</SYSTEM_REFERENCE>
            <SYSTEM_REFERENCE_ID/>
        </CROSS_REFERENCE>
        <CROSS_REFERENCE>
            <SYSTEM_REFERENCE>ATG_CUST_ID</SYSTEM_REFERENCE>
            <SYSTEM_REFERENCE_ID/>
        </CROSS_REFERENCE>
    </CUSTOMER>
    <CUSTOMER>
        <FIRST_NAME>Kristen</FIRST_NAME>
        <LAST_NAME>Martin</LAST_NAME>
        <CUSTOMER_ID>10126</CUSTOMER_ID>
        <ADDRESS1/>
        <ADDRESS2/>
        <CITY/>
        <ZIP/>
        <COUNTRY/>
        <EMAIL_ID>krismart25@hotmail.com</EMAIL_ID>
        <PHONE_NUMBER>4012702078</PHONE_NUMBER>
        <ASSIGNED_STORE>9000</ASSIGNED_STORE>
        <CROSS_REFERENCE>
            <SYSTEM_REFERENCE>WINDSS_ID</SYSTEM_REFERENCE>
            <SYSTEM_REFERENCE_ID/>
        </CROSS_REFERENCE>
        <CROSS_REFERENCE>
            <SYSTEM_REFERENCE>PRETAIL_ID</SYSTEM_REFERENCE>
            <SYSTEM_REFERENCE_ID/>
        </CROSS_REFERENCE>
        <CROSS_REFERENCE>
            <SYSTEM_REFERENCE>ATG_CUST_ID</SYSTEM_REFERENCE>
            <SYSTEM_REFERENCE_ID/>
        </CROSS_REFERENCE>
    </CUSTOMER>
    <CUSTOMER>
        <FIRST_NAME>Kristen</FIRST_NAME>
        <LAST_NAME>Martin</LAST_NAME>
        <CUSTOMER_ID>10376</CUSTOMER_ID>
        <ADDRESS1/>
        <ADDRESS2/>
        <CITY/>
        <ZIP/>
        <COUNTRY/>
        <EMAIL_ID>krismart25@hotmail.com</EMAIL_ID>
        <PHONE_NUMBER>4012702078</PHONE_NUMBER>
        <ASSIGNED_STORE>9000</ASSIGNED_STORE>
        <CROSS_REFERENCE>
            <SYSTEM_REFERENCE>WINDSS_ID</SYSTEM_REFERENCE>
            <SYSTEM_REFERENCE_ID/>
        </CROSS_REFERENCE>
        <CROSS_REFERENCE>
            <SYSTEM_REFERENCE>PRETAIL_ID</SYSTEM_REFERENCE>
            <SYSTEM_REFERENCE_ID/>
        </CROSS_REFERENCE>
        <CROSS_REFERENCE>
            <SYSTEM_REFERENCE>ATG_CUST_ID</SYSTEM_REFERENCE>
            <SYSTEM_REFERENCE_ID/>
        </CROSS_REFERENCE>
    </CUSTOMER>
</RESPONSE>

Jul 4, 2012 4:19:59 AM org.ofbiz.party.test.WebServiceTest postXmlString
INFO: XML OutPut: 

Jul 4, 2012 4:19:59 AM org.ofbiz.party.test.WebServiceTest postXmlString
INFO: Response Code:null
Jul 4, 2012 4:19:59 AM org.ofbiz.party.test.WebServiceTest postXmlString
WARNING: Service Failed.
